TN:
SF:main.js
FN:7,createWindow
FN:21,(anonymous_1)
FN:27,updateTimer
FN:42,(anonymous_3)
FN:47,(anonymous_4)
FN:58,(anonymous_5)
FN:68,(anonymous_6)
FN:72,(anonymous_7)
FN:79,(anonymous_8)
FN:82,(anonymous_9)
FN:89,(anonymous_10)
FNF:11
FNH:9
FNDA:8,createWindow
FNDA:0,(anonymous_1)
FNDA:1058,updateTimer
FNDA:1054,(anonymous_3)
FNDA:4,(anonymous_4)
FNDA:1,(anonymous_5)
FNDA:1,(anonymous_6)
FNDA:1,(anonymous_7)
FNDA:8,(anonymous_8)
FNDA:0,(anonymous_9)
FNDA:2,(anonymous_10)
DA:1,8
DA:2,8
DA:5,8
DA:8,8
DA:18,8
DA:21,8
DA:22,0
DA:28,1058
DA:29,1058
DA:30,1057
DA:31,1057
DA:32,1057
DA:34,1057
DA:35,2
DA:36,2
DA:37,1
DA:41,1057
DA:42,1057
DA:47,8
DA:48,4
DA:54,4
DA:55,4
DA:58,8
DA:59,1
DA:60,1
DA:61,1
DA:62,1
DA:63,1
DA:68,8
DA:69,1
DA:72,8
DA:73,1
DA:74,1
DA:75,1
DA:79,8
DA:80,8
DA:82,8
DA:83,0
DA:84,0
DA:89,8
DA:90,2
DA:91,1
LF:42
LH:39
BRDA:29,0,0,1057
BRDA:29,0,1,1
BRDA:29,1,0,1058
BRDA:29,1,1,1057
BRDA:34,2,0,2
BRDA:34,2,1,1055
BRDA:36,3,0,1
BRDA:36,3,1,1
BRDA:60,4,0,1
BRDA:60,4,1,0
BRDA:62,5,0,1
BRDA:62,5,1,0
BRDA:74,6,0,1
BRDA:74,6,1,0
BRDA:83,7,0,0
BRDA:83,7,1,0
BRDA:90,8,0,1
BRDA:90,8,1,1
BRF:18
BRH:13
end_of_record
